<?xml version="1.0" encoding="UTF-8"?>
<!-- Generated by org.testng.reporters.JUnitReportReporter -->
<testsuite hostname="DESKTOP-QMSQO3B" failures="0" tests="3" name="com.nxtgenai.testcases.RegisterUser" time="11.523" errors="0" timestamp="2021-08-14T20:06:15 IST" skipped="0">
  <testcase classname="com.nxtgenai.testcases.RegisterUser" name="launchApplication" time="7.796"/>
  <system-out>
    <![CDATA[Application is launched]]>
  </system-out>
  <testcase classname="com.nxtgenai.testcases.RegisterUser" name="registerUser" time="3.472"/>
  <system-out/>
  <testcase classname="com.nxtgenai.testcases.RegisterUser" name="closeApplication" time="0.255"/>
  <system-out/>
</testsuite> <!-- com.nxtgenai.testcases.RegisterUser -->
